<?xml version="1.0" encoding="UTF-8"?>
<!-- Generated by org.testng.reporters.JUnitReportReporter -->
<testsuite hostname="IN-495PTN3" failures="0" tests="1" name="JenkinsAssignment.SampleTestCases.AppTest" time="17.334" errors="0" timestamp="04 Oct 2023 09:26:10 GMT" skipped="0">
  <testcase classname="JenkinsAssignment.SampleTestCases.AppTest" name="launchBrowser" time="17.334"/>
</testsuite> <!-- JenkinsAssignment.SampleTestCases.AppTest -->
